
*** Running vivado
    with args -log design_1_v_tc_out_0.vds -m64 -product Vivado -mode batch -messageDb vivado.pb -notrace -source design_1_v_tc_out_0.tcl



****** Vivado v2022.2 (64-bit)
  **** SW Build 3671981 on Fri Oct 14 05:00:03 MDT 2022
  **** IP Build 3669848 on Fri Oct 14 08:30:02 MDT 2022
    ** Copyright 1986-2022 Xilinx, Inc. All Rights Reserved.

source design_1_v_tc_out_0.tcl -notrace
create_project: Time (s): cpu = 00:00:09 ; elapsed = 00:00:09 . Memory (MB): peak = 373.801 ; gain = 63.629
INFO: [IP_Flow 19-234] Refreshing IP repositories
INFO: [IP_Flow 19-1700] Loaded user IP repository 'd:/Facultate/Disertatie/Disertation_Project/FPGA/hw/hw.ipdefs/repo'.
INFO: [IP_Flow 19-2313] Loaded Vivado IP repository 'C:/Xilinx/Vivado/2022.2/data/ip'.
INFO: [IP_Flow 19-6924] IPCACHE: Running cache check for IP inst: design_1_v_tc_out_0
Command: synth_design -top design_1_v_tc_out_0 -part xc7z010clg400-1 -incremental_mode off -mode out_of_context
Starting synth_design
Attempting to get a license for feature 'Synthesis' and/or device 'xc7z010'
INFO: [Common 17-349] Got license for feature 'Synthesis' and/or device 'xc7z010'
INFO: [Device 21-403] Loading part xc7z010clg400-1
INFO: [Synth 8-7079] Multithreading enabled for synth_design using a maximum of 2 processes.
INFO: [Synth 8-7078] Launching helper process for spawning children vivado processes
INFO: [Synth 8-7075] Helper process launched with PID 11492
INFO: [Synth 8-11241] undeclared symbol 'REGCCE', assumed default net type 'wire' [C:/Xilinx/Vivado/2022.2/data/verilog/src/unimacro/BRAM_SINGLE_MACRO.v:2170]
---------------------------------------------------------------------------------
Starting RTL Elaboration : Time (s): cpu = 00:00:13 ; elapsed = 00:00:21 . Memory (MB): peak = 1194.898 ; gain = 406.543
---------------------------------------------------------------------------------
INFO: [Synth 8-638] synthesizing module 'design_1_v_tc_out_0' [d:/Facultate/Disertatie/Disertation_Project/FPGA/hw/hw.gen/sources_1/bd/design_1/ip/design_1_v_tc_out_0/synth/design_1_v_tc_out_0.vhd:97]
	Parameter C_HAS_AXI4_LITE bound to: 1 - type: integer 
	Parameter C_HAS_INTC_IF bound to: 0 - type: integer 
	Parameter C_ARBITRARY_RES_EN bound to: 0 - type: integer 
	Parameter C_VID_PPC bound to: 4 - type: integer 
	Parameter C_GEN_INTERLACED bound to: 0 - type: integer 
	Parameter C_GEN_HACTIVE_SIZE bound to: 1280 - type: integer 
	Parameter C_GEN_VACTIVE_SIZE bound to: 720 - type: integer 
	Parameter C_GEN_CPARITY bound to: 0 - type: integer 
	Parameter C_GEN_FIELDID_POLARITY bound to: 1 - type: integer 
	Parameter C_GEN_VBLANK_POLARITY bound to: 1 - type: integer 
	Parameter C_GEN_HBLANK_POLARITY bound to: 1 - type: integer 
	Parameter C_GEN_VSYNC_POLARITY bound to: 1 - type: integer 
	Parameter C_GEN_HSYNC_POLARITY bound to: 1 - type: integer 
	Parameter C_GEN_AVIDEO_POLARITY bound to: 1 - type: integer 
	Parameter C_GEN_ACHROMA_POLARITY bound to: 1 - type: integer 
	Parameter C_GEN_VIDEO_FORMAT bound to: 2 - type: integer 
	Parameter C_GEN_HFRAME_SIZE bound to: 1650 - type: integer 
	Parameter C_GEN_F0_VFRAME_SIZE bound to: 750 - type: integer 
	Parameter C_GEN_F1_VFRAME_SIZE bound to: 750 - type: integer 
	Parameter C_GEN_HSYNC_START bound to: 1390 - type: integer 
	Parameter C_GEN_HSYNC_END bound to: 1430 - type: integer 
	Parameter C_GEN_F0_VBLANK_HSTART bound to: 1280 - type: integer 
	Parameter C_GEN_F0_VBLANK_HEND bound to: 1280 - type: integer 
	Parameter C_GEN_F0_VSYNC_VSTART bound to: 724 - type: integer 
	Parameter C_GEN_F0_VSYNC_VEND bound to: 729 - type: integer 
	Parameter C_GEN_F0_VSYNC_HSTART bound to: 1280 - type: integer 
	Parameter C_GEN_F0_VSYNC_HEND bound to: 1280 - type: integer 
	Parameter C_GEN_F1_VBLANK_HSTART bound to: 1280 - type: integer 
	Parameter C_GEN_F1_VBLANK_HEND bound to: 1280 - type: integer 
	Parameter C_GEN_F1_VSYNC_VSTART bound to: 724 - type: integer 
	Parameter C_GEN_F1_VSYNC_VEND bound to: 729 - type: integer 
	Parameter C_GEN_F1_VSYNC_HSTART bound to: 1280 - type: integer 
	Parameter C_GEN_F1_VSYNC_HEND bound to: 1280 - type: integer 
	Parameter C_FSYNC_HSTART0 bound to: 0 - type: integer 
	Parameter C_FSYNC_VSTART0 bound to: 0 - type: integer 
	Parameter C_FSYNC_HSTART1 bound to: 0 - type: integer 
	Parameter C_FSYNC_VSTART1 bound to: 0 - type: integer 
	Parameter C_FSYNC_HSTART2 bound to: 0 - type: integer 
	Parameter C_FSYNC_VSTART2 bound to: 0 - type: integer 
	Parameter C_FSYNC_HSTART3 bound to: 0 - type: integer 
	Parameter C_FSYNC_VSTART3 bound to: 0 - type: integer 
	Parameter C_FSYNC_HSTART4 bound to: 0 - type: integer 
	Parameter C_FSYNC_VSTART4 bound to: 0 - type: integer 
	Parameter C_FSYNC_HSTART5 bound to: 0 - type: integer 
	Parameter C_FSYNC_VSTART5 bound to: 0 - type: integer 
	Parameter C_FSYNC_HSTART6 bound to: 0 - type: integer 
	Parameter C_FSYNC_VSTART6 bound to: 0 - type: integer 
	Parameter C_FSYNC_HSTART7 bound to: 0 - type: integer 
	Parameter C_FSYNC_VSTART7 bound to: 0 - type: integer 
	Parameter C_FSYNC_HSTART8 bound to: 0 - type: integer 
	Parameter C_FSYNC_VSTART8 bound to: 0 - type: integer 
	Parameter C_FSYNC_HSTART9 bound to: 0 - type: integer 
	Parameter C_FSYNC_VSTART9 bound to: 0 - type: integer 
	Parameter C_FSYNC_HSTART10 bound to: 0 - type: integer 
	Parameter C_FSYNC_VSTART10 bound to: 0 - type: integer 
	Parameter C_FSYNC_HSTART11 bound to: 0 - type: integer 
	Parameter C_FSYNC_VSTART11 bound to: 0 - type: integer 
	Parameter C_FSYNC_HSTART12 bound to: 0 - type: integer 
	Parameter C_FSYNC_VSTART12 bound to: 0 - type: integer 
	Parameter C_FSYNC_HSTART13 bound to: 0 - type: integer 
	Parameter C_FSYNC_VSTART13 bound to: 0 - type: integer 
	Parameter C_FSYNC_HSTART14 bound to: 0 - type: integer 
	Parameter C_FSYNC_VSTART14 bound to: 0 - type: integer 
	Parameter C_FSYNC_HSTART15 bound to: 0 - type: integer 
	Parameter C_FSYNC_VSTART15 bound to: 0 - type: integer 
	Parameter C_MAX_PIXELS bound to: 4096 - type: integer 
	Parameter C_MAX_LINES bound to: 4096 - type: integer 
	Parameter C_NUM_FSYNCS bound to: 1 - type: integer 
	Parameter C_INTERLACE_EN bound to: 0 - type: integer 
	Parameter C_GEN_AUTO_SWITCH bound to: 0 - type: integer 
	Parameter C_DETECT_EN bound to: 0 - type: integer 
	Parameter C_SYNC_EN bound to: 0 - type: integer 
	Parameter C_GENERATE_EN bound to: 1 - type: integer 
	Parameter C_DET_HSYNC_EN bound to: 1 - type: integer 
	Parameter C_DET_VSYNC_EN bound to: 1 - type: integer 
	Parameter C_DET_HBLANK_EN bound to: 1 - type: integer 
	Parameter C_DET_VBLANK_EN bound to: 1 - type: integer 
	Parameter C_DET_AVIDEO_EN bound to: 1 - type: integer 
	Parameter C_DET_ACHROMA_EN bound to: 0 - type: integer 
	Parameter C_GEN_HSYNC_EN bound to: 1 - type: integer 
	Parameter C_GEN_VSYNC_EN bound to: 1 - type: integer 
	Parameter C_GEN_HBLANK_EN bound to: 1 - type: integer 
	Parameter C_GEN_VBLANK_EN bound to: 1 - type: integer 
	Parameter C_GEN_AVIDEO_EN bound to: 1 - type: integer 
	Parameter C_GEN_ACHROMA_EN bound to: 0 - type: integer 
	Parameter C_GEN_FIELDID_EN bound to: 0 - type: integer 
	Parameter C_DET_FIELDID_EN bound to: 0 - type: integer 
INFO: [Synth 8-3491] module 'v_tc' declared at 'd:/Facultate/Disertatie/Disertation_Project/FPGA/hw/hw.gen/sources_1/bd/design_1/ipshared/399a/hdl/v_tc_v6_2_vh_rfs.vhd:9698' bound to instance 'U0' of component 'v_tc' [d:/Facultate/Disertatie/Disertation_Project/FPGA/hw/hw.gen/sources_1/bd/design_1/ip/design_1_v_tc_out_0/synth/design_1_v_tc_out_0.vhd:293]
INFO: [Synth 8-6157] synthesizing module 'xpm_cdc_single' [C:/Xilinx/Vivado/2022.2/data/ip/xpm/xpm_cdc/hdl/xpm_cdc.sv:152]
INFO: [Synth 8-6155] done synthesizing module 'xpm_cdc_single' (0#1) [C:/Xilinx/Vivado/2022.2/data/ip/xpm/xpm_cdc/hdl/xpm_cdc.sv:152]
INFO: [Synth 8-638] synthesizing module 'axi_lite_ipif' [d:/Facultate/Disertatie/Disertation_Project/FPGA/hw/hw.gen/sources_1/bd/design_1/ipshared/66ea/hdl/axi_lite_ipif_v3_0_vh_rfs.vhd:2948]
INFO: [Synth 8-638] synthesizing module 'slave_attachment' [d:/Facultate/Disertatie/Disertation_Project/FPGA/hw/hw.gen/sources_1/bd/design_1/ipshared/66ea/hdl/axi_lite_ipif_v3_0_vh_rfs.vhd:2341]
INFO: [Synth 8-638] synthesizing module 'address_decoder' [d:/Facultate/Disertatie/Disertation_Project/FPGA/hw/hw.gen/sources_1/bd/design_1/ipshared/66ea/hdl/axi_lite_ipif_v3_0_vh_rfs.vhd:1775]
INFO: [Synth 8-638] synthesizing module 'pselect_f' [d:/Facultate/Disertatie/Disertation_Project/FPGA/hw/hw.gen/sources_1/bd/design_1/ipshared/66ea/hdl/axi_lite_ipif_v3_0_vh_rfs.vhd:1534]
INFO: [Synth 8-256] done synthesizing module 'pselect_f' (0#1) [d:/Facultate/Disertatie/Disertation_Project/FPGA/hw/hw.gen/sources_1/bd/design_1/ipshared/66ea/hdl/axi_lite_ipif_v3_0_vh_rfs.vhd:1534]
INFO: [Synth 8-638] synthesizing module 'pselect_f__parameterized0' [d:/Facultate/Disertatie/Disertation_Project/FPGA/hw/hw.gen/sources_1/bd/design_1/ipshared/66ea/hdl/axi_lite_ipif_v3_0_vh_rfs.vhd:1534]
INFO: [Synth 8-256] done synthesizing module 'pselect_f__parameterized0' (0#1) [d:/Facultate/Disertatie/Disertation_Project/FPGA/hw/hw.gen/sources_1/bd/design_1/ipshared/66ea/hdl/axi_lite_ipif_v3_0_vh_rfs.vhd:1534]
INFO: [Synth 8-256] done synthesizing module 'address_decoder' (0#1) [d:/Facultate/Disertatie/Disertation_Project/FPGA/hw/hw.gen/sources_1/bd/design_1/ipshared/66ea/hdl/axi_lite_ipif_v3_0_vh_rfs.vhd:1775]
INFO: [Synth 8-226] default block is never used [d:/Facultate/Disertatie/Disertation_Project/FPGA/hw/hw.gen/sources_1/bd/design_1/ipshared/66ea/hdl/axi_lite_ipif_v3_0_vh_rfs.vhd:2550]
INFO: [Synth 8-256] done synthesizing module 'slave_attachment' (0#1) [d:/Facultate/Disertatie/Disertation_Project/FPGA/hw/hw.gen/sources_1/bd/design_1/ipshared/66ea/hdl/axi_lite_ipif_v3_0_vh_rfs.vhd:2341]
INFO: [Synth 8-256] done synthesizing module 'axi_lite_ipif' (0#1) [d:/Facultate/Disertatie/Disertation_Project/FPGA/hw/hw.gen/sources_1/bd/design_1/ipshared/66ea/hdl/axi_lite_ipif_v3_0_vh_rfs.vhd:2948]
INFO: [Synth 8-256] done synthesizing module 'design_1_v_tc_out_0' (0#1) [d:/Facultate/Disertatie/Disertation_Project/FPGA/hw/hw.gen/sources_1/bd/design_1/ip/design_1_v_tc_out_0/synth/design_1_v_tc_out_0.vhd:97]
WARNING: [Synth 8-7129] Port gen_v0chroma_start[11] in module tc_generator is either unconnected or has no load
WARNING: [Synth 8-7129] Port gen_v0chroma_start[10] in module tc_generator is either unconnected or has no load
WARNING: [Synth 8-7129] Port gen_v0chroma_start[9] in module tc_generator is either unconnected or has no load
WARNING: [Synth 8-7129] Port gen_v0chroma_start[8] in module tc_generator is either unconnected or has no load
WARNING: [Synth 8-7129] Port gen_v0chroma_start[7] in module tc_generator is either unconnected or has no load
WARNING: [Synth 8-7129] Port gen_v0chroma_start[6] in module tc_generator is either unconnected or has no load
WARNING: [Synth 8-7129] Port gen_v0chroma_start[5] in module tc_generator is either unconnected or has no load
WARNING: [Synth 8-7129] Port gen_v0chroma_start[4] in module tc_generator is either unconnected or has no load
WARNING: [Synth 8-7129] Port gen_v0chroma_start[3] in module tc_generator is either unconnected or has no load
WARNING: [Synth 8-7129] Port gen_v0chroma_start[2] in module tc_generator is either unconnected or has no load
WARNING: [Synth 8-7129] Port gen_v0chroma_start[1] in module tc_generator is either unconnected or has no load
WARNING: [Synth 8-7129] Port gen_v0chroma_start[0] in module tc_generator is either unconnected or has no load
WARNING: [Synth 8-7129] Port gen_v1total[11] in module tc_generator is either unconnected or has no load
WARNING: [Synth 8-7129] Port gen_v1total[10] in module tc_generator is either unconnected or has no load
WARNING: [Synth 8-7129] Port gen_v1total[9] in module tc_generator is either unconnected or has no load
WARNING: [Synth 8-7129] Port gen_v1total[8] in module tc_generator is either unconnected or has no load
WARNING: [Synth 8-7129] Port gen_v1total[7] in module tc_generator is either unconnected or has no load
WARNING: [Synth 8-7129] Port gen_v1total[6] in module tc_generator is either unconnected or has no load
WARNING: [Synth 8-7129] Port gen_v1total[5] in module tc_generator is either unconnected or has no load
WARNING: [Synth 8-7129] Port gen_v1total[4] in module tc_generator is either unconnected or has no load
WARNING: [Synth 8-7129] Port gen_v1total[3] in module tc_generator is either unconnected or has no load
WARNING: [Synth 8-7129] Port gen_v1total[2] in module tc_generator is either unconnected or has no load
WARNING: [Synth 8-7129] Port gen_v1total[1] in module tc_generator is either unconnected or has no load
WARNING: [Synth 8-7129] Port gen_v1total[0] in module tc_generator is either unconnected or has no load
WARNING: [Synth 8-7129] Port gen_v1fp_start[11] in module tc_generator is either unconnected or has no load
WARNING: [Synth 8-7129] Port gen_v1fp_start[10] in module tc_generator is either unconnected or has no load
WARNING: [Synth 8-7129] Port gen_v1fp_start[9] in module tc_generator is either unconnected or has no load
WARNING: [Synth 8-7129] Port gen_v1fp_start[8] in module tc_generator is either unconnected or has no load
WARNING: [Synth 8-7129] Port gen_v1fp_start[7] in module tc_generator is either unconnected or has no load
WARNING: [Synth 8-7129] Port gen_v1fp_start[6] in module tc_generator is either unconnected or has no load
WARNING: [Synth 8-7129] Port gen_v1fp_start[5] in module tc_generator is either unconnected or has no load
WARNING: [Synth 8-7129] Port gen_v1fp_start[4] in module tc_generator is either unconnected or has no load
WARNING: [Synth 8-7129] Port gen_v1fp_start[3] in module tc_generator is either unconnected or has no load
WARNING: [Synth 8-7129] Port gen_v1fp_start[2] in module tc_generator is either unconnected or has no load
WARNING: [Synth 8-7129] Port gen_v1fp_start[1] in module tc_generator is either unconnected or has no load
WARNING: [Synth 8-7129] Port gen_v1fp_start[0] in module tc_generator is either unconnected or has no load
WARNING: [Synth 8-7129] Port gen_v1sync_start[11] in module tc_generator is either unconnected or has no load
WARNING: [Synth 8-7129] Port gen_v1sync_start[10] in module tc_generator is either unconnected or has no load
WARNING: [Synth 8-7129] Port gen_v1sync_start[9] in module tc_generator is either unconnected or has no load
WARNING: [Synth 8-7129] Port gen_v1sync_start[8] in module tc_generator is either unconnected or has no load
WARNING: [Synth 8-7129] Port gen_v1sync_start[7] in module tc_generator is either unconnected or has no load
WARNING: [Synth 8-7129] Port gen_v1sync_start[6] in module tc_generator is either unconnected or has no load
WARNING: [Synth 8-7129] Port gen_v1sync_start[5] in module tc_generator is either unconnected or has no load
WARNING: [Synth 8-7129] Port gen_v1sync_start[4] in module tc_generator is either unconnected or has no load
WARNING: [Synth 8-7129] Port gen_v1sync_start[3] in module tc_generator is either unconnected or has no load
WARNING: [Synth 8-7129] Port gen_v1sync_start[2] in module tc_generator is either unconnected or has no load
WARNING: [Synth 8-7129] Port gen_v1sync_start[1] in module tc_generator is either unconnected or has no load
WARNING: [Synth 8-7129] Port gen_v1sync_start[0] in module tc_generator is either unconnected or has no load
WARNING: [Synth 8-7129] Port gen_v1bp_start[11] in module tc_generator is either unconnected or has no load
WARNING: [Synth 8-7129] Port gen_v1bp_start[10] in module tc_generator is either unconnected or has no load
WARNING: [Synth 8-7129] Port gen_v1bp_start[9] in module tc_generator is either unconnected or has no load
WARNING: [Synth 8-7129] Port gen_v1bp_start[8] in module tc_generator is either unconnected or has no load
WARNING: [Synth 8-7129] Port gen_v1bp_start[7] in module tc_generator is either unconnected or has no load
WARNING: [Synth 8-7129] Port gen_v1bp_start[6] in module tc_generator is either unconnected or has no load
WARNING: [Synth 8-7129] Port gen_v1bp_start[5] in module tc_generator is either unconnected or has no load
WARNING: [Synth 8-7129] Port gen_v1bp_start[4] in module tc_generator is either unconnected or has no load
WARNING: [Synth 8-7129] Port gen_v1bp_start[3] in module tc_generator is either unconnected or has no load
WARNING: [Synth 8-7129] Port gen_v1bp_start[2] in module tc_generator is either unconnected or has no load
WARNING: [Synth 8-7129] Port gen_v1bp_start[1] in module tc_generator is either unconnected or has no load
WARNING: [Synth 8-7129] Port gen_v1bp_start[0] in module tc_generator is either unconnected or has no load
WARNING: [Synth 8-7129] Port gen_v1active_start[11] in module tc_generator is either unconnected or has no load
WARNING: [Synth 8-7129] Port gen_v1active_start[10] in module tc_generator is either unconnected or has no load
WARNING: [Synth 8-7129] Port gen_v1active_start[9] in module tc_generator is either unconnected or has no load
WARNING: [Synth 8-7129] Port gen_v1active_start[8] in module tc_generator is either unconnected or has no load
WARNING: [Synth 8-7129] Port gen_v1active_start[7] in module tc_generator is either unconnected or has no load
WARNING: [Synth 8-7129] Port gen_v1active_start[6] in module tc_generator is either unconnected or has no load
WARNING: [Synth 8-7129] Port gen_v1active_start[5] in module tc_generator is either unconnected or has no load
WARNING: [Synth 8-7129] Port gen_v1active_start[4] in module tc_generator is either unconnected or has no load
WARNING: [Synth 8-7129] Port gen_v1active_start[3] in module tc_generator is either unconnected or has no load
WARNING: [Synth 8-7129] Port gen_v1active_start[2] in module tc_generator is either unconnected or has no load
WARNING: [Synth 8-7129] Port gen_v1active_start[1] in module tc_generator is either unconnected or has no load
WARNING: [Synth 8-7129] Port gen_v1active_start[0] in module tc_generator is either unconnected or has no load
WARNING: [Synth 8-7129] Port gen_v1chroma_start[11] in module tc_generator is either unconnected or has no load
WARNING: [Synth 8-7129] Port gen_v1chroma_start[10] in module tc_generator is either unconnected or has no load
WARNING: [Synth 8-7129] Port gen_v1chroma_start[9] in module tc_generator is either unconnected or has no load
WARNING: [Synth 8-7129] Port gen_v1chroma_start[8] in module tc_generator is either unconnected or has no load
WARNING: [Synth 8-7129] Port gen_v1chroma_start[7] in module tc_generator is either unconnected or has no load
WARNING: [Synth 8-7129] Port gen_v1chroma_start[6] in module tc_generator is either unconnected or has no load
WARNING: [Synth 8-7129] Port gen_v1chroma_start[5] in module tc_generator is either unconnected or has no load
WARNING: [Synth 8-7129] Port gen_v1chroma_start[4] in module tc_generator is either unconnected or has no load
WARNING: [Synth 8-7129] Port gen_v1chroma_start[3] in module tc_generator is either unconnected or has no load
WARNING: [Synth 8-7129] Port gen_v1chroma_start[2] in module tc_generator is either unconnected or has no load
WARNING: [Synth 8-7129] Port gen_v1chroma_start[1] in module tc_generator is either unconnected or has no load
WARNING: [Synth 8-7129] Port gen_v1chroma_start[0] in module tc_generator is either unconnected or has no load
WARNING: [Synth 8-7129] Port gen_v1fp_start_hori[11] in module tc_generator is either unconnected or has no load
WARNING: [Synth 8-7129] Port gen_v1fp_start_hori[10] in module tc_generator is either unconnected or has no load
WARNING: [Synth 8-7129] Port gen_v1fp_start_hori[9] in module tc_generator is either unconnected or has no load
WARNING: [Synth 8-7129] Port gen_v1fp_start_hori[8] in module tc_generator is either unconnected or has no load
WARNING: [Synth 8-7129] Port gen_v1fp_start_hori[7] in module tc_generator is either unconnected or has no load
WARNING: [Synth 8-7129] Port gen_v1fp_start_hori[6] in module tc_generator is either unconnected or has no load
WARNING: [Synth 8-7129] Port gen_v1fp_start_hori[5] in module tc_generator is either unconnected or has no load
WARNING: [Synth 8-7129] Port gen_v1fp_start_hori[4] in module tc_generator is either unconnected or has no load
WARNING: [Synth 8-7129] Port gen_v1fp_start_hori[3] in module tc_generator is either unconnected or has no load
WARNING: [Synth 8-7129] Port gen_v1fp_start_hori[2] in module tc_generator is either unconnected or has no load
WARNING: [Synth 8-7129] Port gen_v1fp_start_hori[1] in module tc_generator is either unconnected or has no load
WARNING: [Synth 8-7129] Port gen_v1fp_start_hori[0] in module tc_generator is either unconnected or has no load
WARNING: [Synth 8-7129] Port gen_v1sync_start_hori[11] in module tc_generator is either unconnected or has no load
WARNING: [Synth 8-7129] Port gen_v1sync_start_hori[10] in module tc_generator is either unconnected or has no load
WARNING: [Synth 8-7129] Port gen_v1sync_start_hori[9] in module tc_generator is either unconnected or has no load
WARNING: [Synth 8-7129] Port gen_v1sync_start_hori[8] in module tc_generator is either unconnected or has no load
INFO: [Common 17-14] Message 'Synth 8-7129' appears 100 times and further instances of the messages will be disabled. Use the Tcl command set_msg_config to change the current settings.
---------------------------------------------------------------------------------
Finished RTL Elaboration : Time (s): cpu = 00:00:27 ; elapsed = 00:00:37 . Memory (MB): peak = 1347.309 ; gain = 558.953
---------------------------------------------------------------------------------
---------------------------------------------------------------------------------
Start Handling Custom Attributes
---------------------------------------------------------------------------------
---------------------------------------------------------------------------------
Finished Handling Custom Attributes : Time (s): cpu = 00:00:27 ; elapsed = 00:00:37 . Memory (MB): peak = 1347.309 ; gain = 558.953
---------------------------------------------------------------------------------
---------------------------------------------------------------------------------
Finished RTL Optimization Phase 1 : Time (s): cpu = 00:00:27 ; elapsed = 00:00:37 . Memory (MB): peak = 1347.309 ; gain = 558.953
---------------------------------------------------------------------------------
Netlist sorting complete. Time (s): cpu = 00:00:00 ; elapsed = 00:00:00.379 . Memory (MB): peak = 1347.309 ; gain = 0.000
INFO: [Project 1-570] Preparing netlist for logic optimization

Processing XDC Constraints
Initializing timing engine
Parsing XDC File [d:/Facultate/Disertatie/Disertation_Project/FPGA/hw/hw.gen/sources_1/bd/design_1/ip/design_1_v_tc_out_0/design_1_v_tc_out_0_ooc.xdc] for cell 'U0'
Finished Parsing XDC File [d:/Facultate/Disertatie/Disertation_Project/FPGA/hw/hw.gen/sources_1/bd/design_1/ip/design_1_v_tc_out_0/design_1_v_tc_out_0_ooc.xdc] for cell 'U0'
Parsing XDC File [D:/Facultate/Disertatie/Disertation_Project/FPGA/hw/hw.runs/design_1_v_tc_out_0_synth_1/dont_touch.xdc]
Finished Parsing XDC File [D:/Facultate/Disertatie/Disertation_Project/FPGA/hw/hw.runs/design_1_v_tc_out_0_synth_1/dont_touch.xdc]
Parsing XDC File [d:/Facultate/Disertatie/Disertation_Project/FPGA/hw/hw.gen/sources_1/bd/design_1/ip/design_1_v_tc_out_0/design_1_v_tc_out_0_clocks.xdc] for cell 'U0'
Finished Parsing XDC File [d:/Facultate/Disertatie/Disertation_Project/FPGA/hw/hw.gen/sources_1/bd/design_1/ip/design_1_v_tc_out_0/design_1_v_tc_out_0_clocks.xdc] for cell 'U0'
INFO: [Project 1-236] Implementation specific constraints were found while reading constraint file [d:/Facultate/Disertatie/Disertation_Project/FPGA/hw/hw.gen/sources_1/bd/design_1/ip/design_1_v_tc_out_0/design_1_v_tc_out_0_clocks.xdc]. These constraints will be ignored for synthesis but will be used in implementation. Impacted constraints are listed in the file [.Xil/design_1_v_tc_out_0_propImpl.xdc].
Resolution: To avoid this warning, move constraints listed in [.Xil/design_1_v_tc_out_0_propImpl.xdc] to another XDC file and exclude this new file from synthesis with the used_in_synthesis property (File Properties dialog in GUI) and re-run elaboration/synthesis.
INFO: [Project 1-236] Implementation specific constraints were found while reading constraint file [C:/Xilinx/Vivado/2022.2/data/ip/xpm/xpm_cdc/tcl/xpm_cdc_single.tcl]. These constraints will be ignored for synthesis but will be used in implementation. Impacted constraints are listed in the file [.Xil/design_1_v_tc_out_0_propImpl.xdc].
Resolution: To avoid this warning, move constraints listed in [.Xil/design_1_v_tc_out_0_propImpl.xdc] to another XDC file and exclude this new file from synthesis with the used_in_synthesis property (File Properties dialog in GUI) and re-run elaboration/synthesis.
INFO: [Project 1-1714] 1 XPM XDC files have been applied to the design.
Completed Processing XDC Constraints

Netlist sorting complete. Time (s): cpu = 00:00:00 ; elapsed = 00:00:00.004 . Memory (MB): peak = 1411.504 ; gain = 0.000
INFO: [Project 1-111] Unisim Transformation Summary:
No Unisim elements were transformed.

Constraint Validation Runtime : Time (s): cpu = 00:00:00 ; elapsed = 00:00:00.240 . Memory (MB): peak = 1413.395 ; gain = 1.891
INFO: [Designutils 20-5008] Incremental synthesis strategy off
INFO: [Synth 8-11241] undeclared symbol 'REGCCE', assumed default net type 'wire' [C:/Xilinx/Vivado/2022.2/data/verilog/src/unimacro/BRAM_SINGLE_MACRO.v:2170]
---------------------------------------------------------------------------------
Finished Constraint Validation : Time (s): cpu = 00:00:49 ; elapsed = 00:01:13 . Memory (MB): peak = 1413.395 ; gain = 625.039
---------------------------------------------------------------------------------
---------------------------------------------------------------------------------
Start Loading Part and Timing Information
---------------------------------------------------------------------------------
Loading part: xc7z010clg400-1
---------------------------------------------------------------------------------
Finished Loading Part and Timing Information : Time (s): cpu = 00:00:49 ; elapsed = 00:01:13 . Memory (MB): peak = 1413.395 ; gain = 625.039
---------------------------------------------------------------------------------
---------------------------------------------------------------------------------
Start Applying 'set_property' XDC Constraints
---------------------------------------------------------------------------------
Applied set_property KEEP_HIERARCHY = SOFT for U0. (constraint file  D:/Facultate/Disertatie/Disertation_Project/FPGA/hw/hw.runs/design_1_v_tc_out_0_synth_1/dont_touch.xdc, line 9).
Applied set_property KEEP_HIERARCHY = SOFT for U0/xpm_cdc_single_inst. (constraint file  auto generated constraint).
---------------------------------------------------------------------------------
Finished applying 'set_property' XDC Constraints : Time (s): cpu = 00:00:49 ; elapsed = 00:01:13 . Memory (MB): peak = 1413.395 ; gain = 625.039
---------------------------------------------------------------------------------
INFO: [Synth 8-802] inferred FSM for state register 'state_reg' in module 'slave_attachment'
---------------------------------------------------------------------------------------------------
                   State |                     New Encoding |                Previous Encoding 
---------------------------------------------------------------------------------------------------
                 iSTATE2 |                             0001 |                               00
                  iSTATE |                             0010 |                               01
                 iSTATE0 |                             0100 |                               10
                 iSTATE1 |                             1000 |                               11
---------------------------------------------------------------------------------------------------
INFO: [Synth 8-3354] encoded FSM with state register 'state_reg' using encoding 'one-hot' in module 'slave_attachment'
---------------------------------------------------------------------------------
Finished RTL Optimization Phase 2 : Time (s): cpu = 00:00:54 ; elapsed = 00:01:19 . Memory (MB): peak = 1413.395 ; gain = 625.039
---------------------------------------------------------------------------------
---------------------------------------------------------------------------------
Start RTL Component Statistics 
---------------------------------------------------------------------------------
Detailed RTL Component Info : 
+---Adders : 
	   2 Input   12 Bit       Adders := 3     
	   3 Input   12 Bit       Adders := 1     
	   2 Input   10 Bit       Adders := 1     
	   2 Input    1 Bit       Adders := 1     
+---XORs : 
	   2 Input      1 Bit         XORs := 7     
+---Registers : 
	               45 Bit    Registers := 4     
	               34 Bit    Registers := 3     
	               32 Bit    Registers := 103   
	               17 Bit    Registers := 1     
	               12 Bit    Registers := 18    
	               10 Bit    Registers := 1     
	                9 Bit    Registers := 1     
	                7 Bit    Registers := 6     
	                6 Bit    Registers := 4     
	                5 Bit    Registers := 1     
	                4 Bit    Registers := 2     
	                3 Bit    Registers := 1     
	                2 Bit    Registers := 6     
	                1 Bit    Registers := 62    
+---Muxes : 
	   2 Input   32 Bit        Muxes := 82    
	   4 Input   32 Bit        Muxes := 2     
	   4 Input   28 Bit        Muxes := 17    
	   2 Input   17 Bit        Muxes := 1     
	   2 Input   12 Bit        Muxes := 15    
	   3 Input   12 Bit        Muxes := 1     
	   4 Input   10 Bit        Muxes := 1     
	   2 Input    9 Bit        Muxes := 1     
	   2 Input    7 Bit        Muxes := 2     
	   2 Input    6 Bit        Muxes := 1     
	   4 Input    4 Bit        Muxes := 1     
	   2 Input    4 Bit        Muxes := 7     
	   2 Input    2 Bit        Muxes := 4     
	   3 Input    2 Bit        Muxes := 1     
	   4 Input    2 Bit        Muxes := 1     
	   2 Input    1 Bit        Muxes := 62    
	   4 Input    1 Bit        Muxes := 3     
	   5 Input    1 Bit        Muxes := 1     
---------------------------------------------------------------------------------
Finished RTL Component Statistics 
---------------------------------------------------------------------------------
---------------------------------------------------------------------------------
Start Part Resource Summary
---------------------------------------------------------------------------------
Part Resources:
DSPs: 80 (col length:40)
BRAMs: 120 (col length: RAMB18 40 RAMB36 20)
---------------------------------------------------------------------------------
Finished Part Resource Summary
---------------------------------------------------------------------------------
---------------------------------------------------------------------------------
Start Cross Boundary and Area Optimization
---------------------------------------------------------------------------------
WARNING: [Synth 8-7080] Parallel synthesis criteria is not met
---------------------------------------------------------------------------------
Finished Cross Boundary and Area Optimization : Time (s): cpu = 00:01:10 ; elapsed = 00:01:40 . Memory (MB): peak = 1413.395 ; gain = 625.039
---------------------------------------------------------------------------------
---------------------------------------------------------------------------------
Start Applying XDC Timing Constraints
---------------------------------------------------------------------------------
---------------------------------------------------------------------------------
Finished Applying XDC Timing Constraints : Time (s): cpu = 00:01:24 ; elapsed = 00:01:58 . Memory (MB): peak = 1413.395 ; gain = 625.039
---------------------------------------------------------------------------------
---------------------------------------------------------------------------------
Start Timing Optimization
---------------------------------------------------------------------------------
---------------------------------------------------------------------------------
Finished Timing Optimization : Time (s): cpu = 00:01:28 ; elapsed = 00:02:04 . Memory (MB): peak = 1413.395 ; gain = 625.039
---------------------------------------------------------------------------------
---------------------------------------------------------------------------------
Start Technology Mapping
---------------------------------------------------------------------------------
---------------------------------------------------------------------------------
Finished Technology Mapping : Time (s): cpu = 00:01:31 ; elapsed = 00:02:08 . Memory (MB): peak = 1413.395 ; gain = 625.039
---------------------------------------------------------------------------------
---------------------------------------------------------------------------------
Start IO Insertion
---------------------------------------------------------------------------------
---------------------------------------------------------------------------------
Start Flattening Before IO Insertion
---------------------------------------------------------------------------------
---------------------------------------------------------------------------------
Finished Flattening Before IO Insertion
---------------------------------------------------------------------------------
---------------------------------------------------------------------------------
Start Final Netlist Cleanup
---------------------------------------------------------------------------------
---------------------------------------------------------------------------------
Finished Final Netlist Cleanup
---------------------------------------------------------------------------------
---------------------------------------------------------------------------------
Finished IO Insertion : Time (s): cpu = 00:01:44 ; elapsed = 00:02:21 . Memory (MB): peak = 1413.395 ; gain = 625.039
---------------------------------------------------------------------------------
---------------------------------------------------------------------------------
Start Renaming Generated Instances
---------------------------------------------------------------------------------
---------------------------------------------------------------------------------
Finished Renaming Generated Instances : Time (s): cpu = 00:01:44 ; elapsed = 00:02:21 . Memory (MB): peak = 1413.395 ; gain = 625.039
---------------------------------------------------------------------------------
---------------------------------------------------------------------------------
Start Rebuilding User Hierarchy
---------------------------------------------------------------------------------
---------------------------------------------------------------------------------
Finished Rebuilding User Hierarchy : Time (s): cpu = 00:01:45 ; elapsed = 00:02:22 . Memory (MB): peak = 1413.395 ; gain = 625.039
---------------------------------------------------------------------------------
---------------------------------------------------------------------------------
Start Renaming Generated Ports
---------------------------------------------------------------------------------
---------------------------------------------------------------------------------
Finished Renaming Generated Ports : Time (s): cpu = 00:01:45 ; elapsed = 00:02:22 . Memory (MB): peak = 1413.395 ; gain = 625.039
---------------------------------------------------------------------------------
---------------------------------------------------------------------------------
Start Handling Custom Attributes
---------------------------------------------------------------------------------
---------------------------------------------------------------------------------
Finished Handling Custom Attributes : Time (s): cpu = 00:01:45 ; elapsed = 00:02:22 . Memory (MB): peak = 1413.395 ; gain = 625.039
---------------------------------------------------------------------------------
---------------------------------------------------------------------------------
Start Renaming Generated Nets
---------------------------------------------------------------------------------
---------------------------------------------------------------------------------
Finished Renaming Generated Nets : Time (s): cpu = 00:01:45 ; elapsed = 00:02:22 . Memory (MB): peak = 1413.395 ; gain = 625.039
---------------------------------------------------------------------------------
---------------------------------------------------------------------------------
Start ROM, RAM, DSP, Shift Register and Retiming Reporting
---------------------------------------------------------------------------------

Static Shift Register Report:
+------------+------------------------------------------------------------------+--------+-------+--------------+--------------------+-------------------+--------+---------+
|Module Name | RTL Name                                                         | Length | Width | Reset Signal | Pull out first Reg | Pull out last Reg | SRL16E | SRLC32E | 
+------------+------------------------------------------------------------------+--------+-------+--------------+--------------------+-------------------+--------+---------+
|video_ctrl  | AXI4_LITE_INTERFACE.GENR_MUX0/GEN_SEL_DELAY[5].sel_int_reg[5][0] | 5      | 1     | NO           | NO                 | YES               | 1      | 0       | 
|video_ctrl  | AXI4_LITE_INTERFACE.CORE_MUX0/GEN_SEL_DELAY[3].sel_int_reg[3][0] | 3      | 1     | NO           | NO                 | YES               | 1      | 0       | 
|video_ctrl  | AXI4_LITE_INTERFACE.GENR_MUX0/GEN_SEL_DELAY[4].sel_int_reg[4][0] | 4      | 1     | NO           | NO                 | YES               | 1      | 0       | 
|v_tc        | U_TC_TOP/detect_en_d_reg[3]                                      | 4      | 1     | YES          | NO                 | YES               | 1      | 0       | 
|v_tc        | U_TC_TOP/generate_en_d_reg[3]                                    | 4      | 1     | YES          | NO                 | YES               | 1      | 0       | 
+------------+------------------------------------------------------------------+--------+-------+--------------+--------------------+-------------------+--------+---------+

---------------------------------------------------------------------------------
Finished ROM, RAM, DSP, Shift Register and Retiming Reporting
---------------------------------------------------------------------------------
---------------------------------------------------------------------------------
Start Writing Synthesis Report
---------------------------------------------------------------------------------

Report BlackBoxes: 
+-+--------------+----------+
| |BlackBox name |Instances |
+-+--------------+----------+
+-+--------------+----------+

Report Cell Usage: 
+------+-------+------+
|      |Cell   |Count |
+------+-------+------+
|1     |CARRY4 |    45|
|2     |LUT1   |    43|
|3     |LUT2   |    80|
|4     |LUT3   |   586|
|5     |LUT4   |    94|
|6     |LUT5   |   122|
|7     |LUT6   |   427|
|8     |MUXF7  |   160|
|9     |SRL16E |     5|
|10    |FDRE   |  3040|
|11    |FDSE   |   203|
+------+-------+------+
---------------------------------------------------------------------------------
Finished Writing Synthesis Report : Time (s): cpu = 00:01:45 ; elapsed = 00:02:22 . Memory (MB): peak = 1413.395 ; gain = 625.039
---------------------------------------------------------------------------------
Synthesis finished with 0 errors, 0 critical warnings and 922 warnings.
Synthesis Optimization Runtime : Time (s): cpu = 00:01:10 ; elapsed = 00:02:12 . Memory (MB): peak = 1413.395 ; gain = 558.953
Synthesis Optimization Complete : Time (s): cpu = 00:01:45 ; elapsed = 00:02:22 . Memory (MB): peak = 1413.395 ; gain = 625.039
INFO: [Project 1-571] Translating synthesized netlist
Netlist sorting complete. Time (s): cpu = 00:00:00 ; elapsed = 00:00:00.297 . Memory (MB): peak = 1413.395 ; gain = 0.000
INFO: [Netlist 29-17] Analyzing 205 Unisim elements for replacement
INFO: [Netlist 29-28] Unisim Transformation completed in 0 CPU seconds
INFO: [Project 1-570] Preparing netlist for logic optimization
INFO: [Opt 31-138] Pushed 0 inverter(s) to 0 load pin(s).
Netlist sorting complete. Time (s): cpu = 00:00:00 ; elapsed = 00:00:00.006 . Memory (MB): peak = 1413.395 ; gain = 0.000
INFO: [Project 1-111] Unisim Transformation Summary:
No Unisim elements were transformed.

Synth Design complete, checksum: dbec7a54
INFO: [Common 17-83] Releasing license: Synthesis
43 Infos, 101 Warnings, 0 Critical Warnings and 0 Errors encountered.
synth_design completed successfully
synth_design: Time (s): cpu = 00:01:58 ; elapsed = 00:02:38 . Memory (MB): peak = 1413.395 ; gain = 1004.707
INFO: [Common 17-1381] The checkpoint 'D:/Facultate/Disertatie/Disertation_Project/FPGA/hw/hw.runs/design_1_v_tc_out_0_synth_1/design_1_v_tc_out_0.dcp' has been generated.
INFO: [Coretcl 2-1648] Added synthesis output to IP cache for IP design_1_v_tc_out_0, cache-ID = 513b2abb15ab6b05
INFO: [Coretcl 2-1174] Renamed 12 cell refs.
INFO: [Common 17-1381] The checkpoint 'D:/Facultate/Disertatie/Disertation_Project/FPGA/hw/hw.runs/design_1_v_tc_out_0_synth_1/design_1_v_tc_out_0.dcp' has been generated.
INFO: [runtcl-4] Executing : report_utilization -file design_1_v_tc_out_0_utilization_synth.rpt -pb design_1_v_tc_out_0_utilization_synth.pb
INFO: [Common 17-206] Exiting Vivado at Thu Jan  5 18:49:50 2023...
